<?xml version="1.0" encoding="UTF-8"?>
<!-- Generated by org.testng.reporters.JUnitReportReporter -->
<testsuite hostname="Suhails-MacDoo.local" failures="0" tests="1" name="com.example.tests.facebook.FacebookTest" time="3.404" errors="0" timestamp="2023-09-02T16:21:14 IST" skipped="0">
  <testcase classname="com.example.tests.facebook.FacebookTest" name="launchFb" time="3.404"/>
</testsuite> <!-- com.example.tests.facebook.FacebookTest -->
