<?xml version="1.0" encoding="UTF-8"?>
<!-- Generated by org.testng.reporters.JUnitReportReporter -->
<testsuite hostname="Suhails-MacDoo.local" failures="0" tests="1" name="com.example.tests.flipkart.FlipkartTest" time="3.768" errors="0" timestamp="2023-09-05T13:27:02 IST" skipped="0">
  <testcase classname="com.example.tests.flipkart.FlipkartTest" name="launchFlipkart" time="3.768"/>
</testsuite> <!-- com.example.tests.flipkart.FlipkartTest -->
