<?xml version="1.0" encoding="UTF-8"?>
<!-- Generated by org.testng.reporters.JUnitReportReporter -->
<testsuite hostname="DESKTOP-SLJA0CJ" failures="0" tests="1" name="com.example.tests.amazon.AmazonTest" time="7.834" errors="0" timestamp="2023-09-02T17:42:04 IST" skipped="0">
  <testcase classname="com.example.tests.amazon.AmazonTest" name="launchAmazon" time="7.834"/>
</testsuite> <!-- com.example.tests.amazon.AmazonTest -->
