<?xml version="1.0" encoding="UTF-8"?>
<!-- Generated by org.testng.reporters.JUnitReportReporter -->
<testsuite hostname="Suhails-MacDoo.local" failures="0" tests="1" name="com.example.tests.google.GoogleTest" time="5.592" errors="0" timestamp="2023-09-01T20:34:23 IST" skipped="0">
  <testcase classname="com.example.tests.google.GoogleTest" name="launchGoogle" time="5.592"/>
</testsuite> <!-- com.example.tests.google.GoogleTest -->
