<?xml version="1.0" encoding="UTF-8"?>
<!-- Generated by org.testng.reporters.JUnitReportReporter -->
<testsuite hostname="DESKTOP-SLJA0CJ" failures="0" tests="1" name="com.example.tests.amazon.AmazonTitleTest" time="13.295" errors="0" timestamp="2023-09-02T18:10:31 IST" skipped="0">
  <testcase classname="com.example.tests.amazon.AmazonTitleTest" name="verifyTitle" time="13.295"/>
</testsuite> <!-- com.example.tests.amazon.AmazonTitleTest -->
