<?xml version="1.0" encoding="UTF-8"?>
<!-- Generated by org.testng.reporters.JUnitReportReporter -->
<testsuite hostname="Suhails-MacDoo.local" failures="0" tests="1" name="com.example.tests.google.GoogleTest" time="2.677" errors="0" timestamp="2023-09-02T15:42:51 IST" skipped="0">
  <testcase classname="com.example.tests.google.GoogleTest" name="launchGoogle" time="2.677"/>
</testsuite> <!-- com.example.tests.google.GoogleTest -->
