<?xml version="1.0" encoding="UTF-8"?>
<!-- Generated by org.testng.reporters.JUnitReportReporter -->
<testsuite hostname="DESKTOP-SLJA0CJ" failures="0" tests="1" name="com.example.tests.amazon.AmazonLogoTest" time="5.977" errors="0" timestamp="2023-09-02T17:42:04 IST" skipped="0">
  <testcase classname="com.example.tests.amazon.AmazonLogoTest" name="verifyAmazonLogo" time="5.977"/>
</testsuite> <!-- com.example.tests.amazon.AmazonLogoTest -->
