<?xml version="1.0" encoding="UTF-8"?>
<!-- Generated by org.testng.reporters.JUnitReportReporter -->
<testsuite hostname="Suhails-MacDoo.local" failures="0" tests="1" name="com.example.tests.amazon.AmazonTest" time="6.062" errors="0" timestamp="2023-09-02T10:37:45 IST" skipped="0">
  <testcase classname="com.example.tests.amazon.AmazonTest" name="launchAmazon" time="6.062"/>
</testsuite> <!-- com.example.tests.amazon.AmazonTest -->
