<?xml version="1.0" encoding="UTF-8"?>
<!-- Generated by org.testng.reporters.JUnitReportReporter -->
<testsuite hostname="Suhails-MacDoo.local" failures="0" tests="1" name="com.example.tests.amazon.AmazonTest" time="5.670" errors="0" timestamp="2023-09-01T21:06:20 IST" skipped="0">
  <testcase classname="com.example.tests.amazon.AmazonTest" name="launchAmazon" time="5.670"/>
</testsuite> <!-- com.example.tests.amazon.AmazonTest -->
