<?xml version="1.0" encoding="UTF-8"?>
<!-- Generated by org.testng.reporters.JUnitReportReporter -->
<testsuite hostname="Suhails-MacDoo.local" failures="0" tests="1" name="com.example.tests.google.GoogleTest" time="3.755" errors="0" timestamp="2023-09-02T14:01:05 IST" skipped="0">
  <testcase classname="com.example.tests.google.GoogleTest" name="launchGoogle" time="3.755"/>
</testsuite> <!-- com.example.tests.google.GoogleTest -->
