<?xml version="1.0" encoding="UTF-8"?>
<!-- Generated by org.testng.reporters.JUnitReportReporter -->
<testsuite hostname="DESKTOP-SLJA0CJ" failures="0" tests="1" name="com.example.tests.flipkart.FlipkartTest" time="5.990" errors="0" timestamp="2023-09-05T19:18:15 IST" skipped="0">
  <testcase classname="com.example.tests.flipkart.FlipkartTest" name="launchFlipkart" time="5.990"/>
</testsuite> <!-- com.example.tests.flipkart.FlipkartTest -->
